=== Nightly Memory Sync Wed Feb 25 23:44:07 CET 2026 ===
Daily note already exists: /data/.openclaw/workspace/memory/2026-02-25.md
Last sync: 2026-01-01
Found unprocessed note: /data/.openclaw/workspace/memory/2026-02-15.md
Found unprocessed note: /data/.openclaw/workspace/memory/2026-02-19.md
Found unprocessed note: /data/.openclaw/workspace/memory/2026-02-25.md
Notes to process: 0
Sync complete: Wed Feb 25 23:44:07 CET 2026
=== Nightly Memory Sync Thu Feb 26 01:00:06 CET 2026 ===
Daily note created: /data/.openclaw/workspace/memory/2026-02-26.md
Last sync: 2026-02-25
Found unprocessed note: /data/.openclaw/workspace/memory/2026-02-25.md
Found unprocessed note: /data/.openclaw/workspace/memory/2026-02-26.md
Notes to process: 0
Sync complete: Thu Feb 26 01:00:06 CET 2026
=== Nightly Memory Sync Fri Feb 27 01:00:03 CET 2026 ===
Daily note created: /data/.openclaw/workspace/memory/2026-02-27.md
Last sync: 2026-02-26
Found unprocessed note: /data/.openclaw/workspace/memory/2026-02-26.md
Found unprocessed note: /data/.openclaw/workspace/memory/2026-02-27.md
Notes to process: 0
No task log found for today
Sync complete: Fri Feb 27 01:00:03 CET 2026
=== Nightly Memory Sync Sat Feb 28 01:00:04 CET 2026 ===
Daily note created: /data/.openclaw/workspace/memory/2026-02-28.md
Last sync: 2026-02-27
Found unprocessed note: /data/.openclaw/workspace/memory/2026-02-27.md
Found unprocessed note: /data/.openclaw/workspace/memory/2026-02-28.md
Notes to process: 0
No task log found for today
Sync complete: Sat Feb 28 01:00:04 CET 2026
=== Nightly Memory Sync Sun Mar  1 01:00:05 CET 2026 ===
Daily note created: /data/.openclaw/workspace/memory/2026-03-01.md
Last sync: 2026-02-28
Found unprocessed note: /data/.openclaw/workspace/memory/2026-02-27.md
Found unprocessed note: /data/.openclaw/workspace/memory/2026-02-28.md
Found unprocessed note: /data/.openclaw/workspace/memory/2026-03-01.md
Notes to process: 0
No task log found for today
Sync complete: Sun Mar  1 01:00:06 CET 2026
